<?xml version="1.0" encoding="UTF-8"?>
<!-- Generated by org.testng.reporters.JUnitReportReporter -->
<testsuite skipped="0" hostname="DESKTOP-N6C6OOV" name="com.streams.Test1" tests="1" failures="0" timestamp="2020-09-11T19:00:14 IST" time="0.026" errors="0">
  <testcase name="streamMap" time="0.026" classname="com.streams.Test1"/>
  <system-out/>
</testsuite> <!-- com.streams.Test1 -->
