<?xml version="1.0" encoding="UTF-8"?>
<!-- Generated by org.testng.reporters.JUnitReportReporter -->
<testsuite hostname="DESKTOP-N6C6OOV" name="Academy.HomePage" tests="2" failures="0" timestamp="17 Sep 2020 17:32:54 GMT" time="28.313" errors="0">
  <testcase name="basePageNavigation" time="5.706" classname="Academy.HomePage"/>
  <testcase name="basePageNavigation" time="22.607" classname="Academy.HomePage"/>
</testsuite> <!-- Academy.HomePage -->
