<?xml version="1.0" encoding="UTF-8"?>
<!-- Generated by org.testng.reporters.JUnitReportReporter -->
<testsuite hostname="DESKTOP-N6C6OOV" name="Academy.validateTitle" tests="1" failures="0" timestamp="17 Sep 2020 17:32:54 GMT" time="0.051" errors="0">
  <testcase name="validateAppTitle" time="0.051" classname="Academy.validateTitle"/>
</testsuite> <!-- Academy.validateTitle -->
