<?xml version="1.0" encoding="UTF-8"?>
<!-- Generated by org.testng.reporters.JUnitReportReporter -->
<testsuite skipped="0" hostname="DESKTOP-N6C6OOV" name="FrameWorkBuild.FrameWorkBuild.HomePage" tests="2" failures="0" timestamp="2020-09-16T13:29:52 IST" time="36.186" errors="0">
  <testcase name="basePageNavigation" time="18.272" classname="FrameWorkBuild.FrameWorkBuild.HomePage"/>
  <system-out/>
  <testcase name="basePageNavigation" time="17.914" classname="FrameWorkBuild.FrameWorkBuild.HomePage"/>
  <system-out/>
</testsuite> <!-- FrameWorkBuild.FrameWorkBuild.HomePage -->
