<?xml version="1.0" encoding="UTF-8"?>
<!-- Generated by org.testng.reporters.JUnitReportReporter -->
<testsuite skipped="0" hostname="DESKTOP-N6C6OOV" name="FrameWorkBuild.FrameWorkBuild.ValidateTitle" tests="1" failures="0" timestamp="2020-09-16T13:29:52 IST" time="0.495" errors="0">
  <testcase name="basePageNavigation" time="0.495" classname="FrameWorkBuild.FrameWorkBuild.ValidateTitle"/>
  <system-out/>
</testsuite> <!-- FrameWorkBuild.FrameWorkBuild.ValidateTitle -->
