<?xml version="1.0" encoding="UTF-8"?>
<!-- Generated by org.testng.reporters.JUnitReportReporter -->
<testsuite skipped="0" hostname="DESKTOP-N6C6OOV" name="com.rest.basics.APIs" tests="1" failures="0" timestamp="2020-08-17T13:19:32 IST" time="5.450" errors="0">
  <testcase name="addbook" time="5.450" classname="com.rest.basics.APIs"/>
  <system-out/>
</testsuite> <!-- com.rest.basics.APIs -->
