<?xml version="1.0" encoding="UTF-8"?>
<!-- Generated by org.testng.reporters.JUnitReportReporter -->
<testsuite skipped="0" hostname="DESKTOP-N6C6OOV" name="com.zinrelo.scanarios.AddingMemberPageTest3" tests="2" failures="0" timestamp="2020-08-19T15:46:38 IST" time="18.615" errors="0">
  <testcase name="TC_01" time="15.325" classname="com.zinrelo.scanarios.AddingMemberPageTest3"/>
  <system-out/>
  <testcase name="TC_04" time="3.290" classname="com.zinrelo.scanarios.AddingMemberPageTest3"/>
  <system-out/>
</testsuite> <!-- com.zinrelo.scanarios.AddingMemberPageTest3 -->
