<?xml version="1.0" encoding="UTF-8"?>
<!-- Generated by org.testng.reporters.JUnitReportReporter -->
<testsuite skipped="0" hostname="DESKTOP-N6C6OOV" name="com.zinrelo.utils.Prop_Read" tests="1" failures="0" timestamp="2020-08-18T20:46:19 IST" time="0.013" errors="0">
  <testcase name="getProp_File" time="0.013" classname="com.zinrelo.utils.Prop_Read"/>
  <system-out/>
</testsuite> <!-- com.zinrelo.utils.Prop_Read -->
