<?xml version="1.0" encoding="UTF-8"?>
<!-- Generated by org.testng.reporters.JUnitReportReporter -->
<testsuite skipped="0" hostname="DESKTOP-N6C6OOV" name="com.zinrelo.scanarios.Launching_To_Index_Page_Test2" tests="2" failures="0" timestamp="2020-08-19T16:34:32 IST" time="6.668" errors="0">
  <testcase name="TC_02" time="0.169" classname="com.zinrelo.scanarios.Launching_To_Index_Page_Test2"/>
  <system-out/>
  <testcase name="TC_01" time="6.499" classname="com.zinrelo.scanarios.Launching_To_Index_Page_Test2"/>
  <system-out/>
</testsuite> <!-- com.zinrelo.scanarios.Launching_To_Index_Page_Test2 -->
