<?xml version="1.0" encoding="UTF-8"?>
<!-- Generated by org.testng.reporters.JUnitReportReporter -->
<testsuite skipped="0" hostname="DESKTOP-N6C6OOV" name="com.zinrelo.pages.Login_Page" tests="1" failures="0" timestamp="2020-08-18T22:16:12 IST" time="0.021" errors="0">
  <testcase name="show" time="0.021" classname="com.zinrelo.pages.Login_Page"/>
  <system-out/>
</testsuite> <!-- com.zinrelo.pages.Login_Page -->
