<?xml version="1.0" encoding="UTF-8"?>
<!-- Generated by org.testng.reporters.JUnitReportReporter -->
<testsuite skipped="0" hostname="DESKTOP-N6C6OOV" name="com.zinrelo.scanarios.Launching_To_Index_Page_Test2" tests="2" failures="0" timestamp="2020-08-19T18:44:27 IST" time="10.383" errors="0">
  <testcase name="TC_01" time="9.997" classname="com.zinrelo.scanarios.Launching_To_Index_Page_Test2"/>
  <system-out/>
  <testcase name="TC_02" time="0.386" classname="com.zinrelo.scanarios.Launching_To_Index_Page_Test2"/>
  <system-out/>
</testsuite> <!-- com.zinrelo.scanarios.Launching_To_Index_Page_Test2 -->
