<?xml version="1.0" encoding="UTF-8"?>
<!-- Generated by org.testng.reporters.JUnitReportReporter -->
<testsuite skipped="0" hostname="DESKTOP-N6C6OOV" name="com.zinrelo.scanarios.Login_Using_Invalid_Credentials1" tests="2" failures="0" timestamp="2020-08-19T18:44:27 IST" time="2.640" errors="0">
  <testcase name="TC_01" time="1.621" classname="com.zinrelo.scanarios.Login_Using_Invalid_Credentials1"/>
  <system-out/>
  <testcase name="TC_02" time="1.019" classname="com.zinrelo.scanarios.Login_Using_Invalid_Credentials1"/>
  <system-out/>
</testsuite> <!-- com.zinrelo.scanarios.Login_Using_Invalid_Credentials1 -->
