<?xml version="1.0" encoding="UTF-8"?>
<!-- Generated by org.testng.reporters.JUnitReportReporter -->
<testsuite skipped="0" hostname="DESKTOP-N6C6OOV" name="com.zinrelo.utils.ExtentReport" tests="1" failures="0" timestamp="2020-08-18T23:12:51 IST" time="0.028" errors="0">
  <testcase name="TC_10" time="0.028" classname="com.zinrelo.utils.ExtentReport"/>
  <system-out/>
</testsuite> <!-- com.zinrelo.utils.ExtentReport -->
