<?xml version="1.0" encoding="UTF-8"?>
<!-- Generated by org.testng.reporters.JUnitReportReporter -->
<testsuite skipped="0" hostname="DESKTOP-N6C6OOV" name="com.zinrelo.scanarios.AddingMemberPageTest3" tests="4" failures="0" timestamp="2020-08-19T17:21:26 IST" time="26.248" errors="0">
  <testcase name="TC_01" time="10.432" classname="com.zinrelo.scanarios.AddingMemberPageTest3"/>
  <system-out/>
  <testcase name="TC_02" time="6.496" classname="com.zinrelo.scanarios.AddingMemberPageTest3"/>
  <system-out/>
  <testcase name="TC_03" time="5.437" classname="com.zinrelo.scanarios.AddingMemberPageTest3"/>
  <system-out/>
  <testcase name="TC_04" time="3.883" classname="com.zinrelo.scanarios.AddingMemberPageTest3"/>
  <system-out/>
</testsuite> <!-- com.zinrelo.scanarios.AddingMemberPageTest3 -->
