<?xml version="1.0" encoding="UTF-8"?>
<!-- Generated by org.testng.reporters.JUnitReportReporter -->
<testsuite skipped="0" hostname="DESKTOP-N6C6OOV" name="com.zinrelo.scanarios.Launching_To_Index_Page_Test" tests="2" failures="0" timestamp="2020-08-19T14:19:14 IST" time="5.641" errors="0">
  <testcase name="TC_01" time="5.497" classname="com.zinrelo.scanarios.Launching_To_Index_Page_Test"/>
  <system-out/>
  <testcase name="TC_02" time="0.144" classname="com.zinrelo.scanarios.Launching_To_Index_Page_Test"/>
  <system-out/>
</testsuite> <!-- com.zinrelo.scanarios.Launching_To_Index_Page_Test -->
