<?xml version="1.0" encoding="UTF-8"?>
<!-- Generated by org.testng.reporters.JUnitReportReporter -->
<testsuite skipped="0" hostname="DESKTOP-N6C6OOV" name="com.zinrelo.scanarios.Login_Using_Invalid_Credentials" tests="2" failures="0" timestamp="2020-08-19T13:39:23 IST" time="2.458" errors="0">
  <testcase name="TC_02" time="1.226" classname="com.zinrelo.scanarios.Login_Using_Invalid_Credentials"/>
  <system-out/>
  <testcase name="TC_01" time="1.232" classname="com.zinrelo.scanarios.Login_Using_Invalid_Credentials"/>
  <system-out/>
</testsuite> <!-- com.zinrelo.scanarios.Login_Using_Invalid_Credentials -->
