<?xml version="1.0" encoding="UTF-8"?>
<!-- Generated by org.testng.reporters.JUnitReportReporter -->
<testsuite skipped="0" hostname="DESKTOP-N6C6OOV" name="com.facebook.pages.LoginPage" tests="1" failures="0" timestamp="2020-06-21T12:23:55 IST" time="7.902" errors="0">
  <testcase name="testDOB" time="7.902" classname="com.facebook.pages.LoginPage"/>
  <system-out/>
</testsuite> <!-- com.facebook.pages.LoginPage -->
