<?xml version="1.0" encoding="UTF-8"?>
<!-- Generated by org.testng.reporters.JUnitReportReporter -->
<testsuite hostname="SYN-FLX-001" name="scenarios.LOC.OperToOperPost" tests="23" failures="0" timestamp="30 Jan 2020 15:12:21 GMT" time="25.402" errors="0">
  <testcase name="TC_10" time="0.532" classname="scenarios.LOC.OperToOperPost"/>
  <testcase name="TC_21" time="0.633" classname="scenarios.LOC.OperToOperPost"/>
  <testcase name="TC_05" time="1.980" classname="scenarios.LOC.OperToOperPost"/>
  <testcase name="TC_13" time="0.736" classname="scenarios.LOC.OperToOperPost"/>
  <testcase name="TC_01" time="4.929" classname="scenarios.LOC.OperToOperPost"/>
  <testcase name="TC_18" time="1.126" classname="scenarios.LOC.OperToOperPost"/>
  <testcase name="TC_04" time="2.142" classname="scenarios.LOC.OperToOperPost"/>
  <testcase name="TC_15" time="0.552" classname="scenarios.LOC.OperToOperPost"/>
  <testcase name="TC_19" time="0.749" classname="scenarios.LOC.OperToOperPost"/>
  <testcase name="TC_11" time="0.545" classname="scenarios.LOC.OperToOperPost"/>
  <testcase name="TC_07" time="0.839" classname="scenarios.LOC.OperToOperPost"/>
  <testcase name="TC_09" time="0.636" classname="scenarios.LOC.OperToOperPost"/>
  <testcase name="TC_08" time="0.682" classname="scenarios.LOC.OperToOperPost"/>
  <testcase name="TC_22" time="0.594" classname="scenarios.LOC.OperToOperPost"/>
  <testcase name="TC_03" time="2.031" classname="scenarios.LOC.OperToOperPost"/>
  <testcase name="TC_23" time="0.538" classname="scenarios.LOC.OperToOperPost"/>
  <testcase name="TC_12" time="0.627" classname="scenarios.LOC.OperToOperPost"/>
  <testcase name="TC_17" time="0.607" classname="scenarios.LOC.OperToOperPost"/>
  <testcase name="TC_20" time="0.631" classname="scenarios.LOC.OperToOperPost"/>
  <testcase name="TC_14" time="0.739" classname="scenarios.LOC.OperToOperPost"/>
  <testcase name="TC_16" time="0.795" classname="scenarios.LOC.OperToOperPost"/>
  <testcase name="TC_02" time="2.113" classname="scenarios.LOC.OperToOperPost"/>
  <testcase name="TC_06" time="0.646" classname="scenarios.LOC.OperToOperPost"/>
</testsuite> <!-- scenarios.LOC.OperToOperPost -->
