<?xml version="1.0" encoding="UTF-8"?>
<!-- Generated by org.testng.reporters.JUnitReportReporter -->
<testsuite hostname="SYN-FLX-001" name="scenarios.LOC.AddressTypePut" tests="18" failures="0" timestamp="30 Jan 2020 15:28:47 GMT" time="21.359" errors="0">
  <testcase name="TC_18" time="0.742" classname="scenarios.LOC.AddressTypePut"/>
  <testcase name="TC_06" time="0.683" classname="scenarios.LOC.AddressTypePut"/>
  <testcase name="TC_01" time="3.761" classname="scenarios.LOC.AddressTypePut"/>
  <testcase name="TC_08" time="0.720" classname="scenarios.LOC.AddressTypePut"/>
  <testcase name="TC_04" time="1.388" classname="scenarios.LOC.AddressTypePut"/>
  <testcase name="TC_03" time="0.837" classname="scenarios.LOC.AddressTypePut"/>
  <testcase name="TC_13" time="0.748" classname="scenarios.LOC.AddressTypePut"/>
  <testcase name="TC_17" time="1.198" classname="scenarios.LOC.AddressTypePut"/>
  <testcase name="TC_10" time="0.556" classname="scenarios.LOC.AddressTypePut"/>
  <testcase name="TC_02" time="1.341" classname="scenarios.LOC.AddressTypePut"/>
  <testcase name="TC_14" time="1.032" classname="scenarios.LOC.AddressTypePut"/>
  <testcase name="TC_11" time="2.015" classname="scenarios.LOC.AddressTypePut"/>
  <testcase name="TC_15" time="0.705" classname="scenarios.LOC.AddressTypePut"/>
  <testcase name="TC_12" time="0.807" classname="scenarios.LOC.AddressTypePut"/>
  <testcase name="TC_16" time="0.906" classname="scenarios.LOC.AddressTypePut"/>
  <testcase name="TC_09" time="0.617" classname="scenarios.LOC.AddressTypePut"/>
  <testcase name="TC_07" time="2.035" classname="scenarios.LOC.AddressTypePut"/>
  <testcase name="TC_05" time="1.268" classname="scenarios.LOC.AddressTypePut"/>
</testsuite> <!-- scenarios.LOC.AddressTypePut -->
