<?xml version="1.0" encoding="UTF-8"?>
<!-- Generated by org.testng.reporters.JUnitReportReporter -->
<testsuite hostname="SYN-FLX-001" name="scenarios.LOC.OperationIdentifierGet" tests="1" failures="0" timestamp="22 Jan 2020 20:00:10 GMT" time="5.702" errors="0">
  <testcase name="TC_01" time="5.702" classname="scenarios.LOC.OperationIdentifierGet"/>
</testsuite> <!-- scenarios.LOC.OperationIdentifierGet -->
