<?xml version="1.0" encoding="UTF-8"?>
<!-- Generated by org.testng.reporters.JUnitReportReporter -->
<testsuite hostname="SYN-FLX-001" name="scenarios.LOC.StatusTypePut" tests="84" failures="0" timestamp="30 Jan 2020 13:19:39 GMT" time="94.994" errors="0">
  <testcase name="TC_61" time="1.009" classname="scenarios.LOC.StatusTypePut"/>
  <testcase name="TC_60" time="0.654" classname="scenarios.LOC.StatusTypePut"/>
  <testcase name="TC_70" time="0.932" classname="scenarios.LOC.StatusTypePut"/>
  <testcase name="TC_10" time="0.747" classname="scenarios.LOC.StatusTypePut"/>
  <testcase name="TC_33" time="0.779" classname="scenarios.LOC.StatusTypePut"/>
  <testcase name="TC_82" time="1.388" classname="scenarios.LOC.StatusTypePut"/>
  <testcase name="TC_25" time="0.910" classname="scenarios.LOC.StatusTypePut"/>
  <testcase name="TC_11" time="0.792" classname="scenarios.LOC.StatusTypePut"/>
  <testcase name="TC_16" time="0.867" classname="scenarios.LOC.StatusTypePut"/>
  <testcase name="TC_75" time="0.881" classname="scenarios.LOC.StatusTypePut"/>
  <testcase name="TC_19" time="0.811" classname="scenarios.LOC.StatusTypePut"/>
  <testcase name="TC_68" time="0.662" classname="scenarios.LOC.StatusTypePut"/>
  <testcase name="TC_64" time="1.429" classname="scenarios.LOC.StatusTypePut"/>
  <testcase name="TC_83" time="0.719" classname="scenarios.LOC.StatusTypePut"/>
  <testcase name="TC_41" time="0.714" classname="scenarios.LOC.StatusTypePut"/>
  <testcase name="TC_58" time="0.694" classname="scenarios.LOC.StatusTypePut"/>
  <testcase name="TC_74" time="0.774" classname="scenarios.LOC.StatusTypePut"/>
  <testcase name="TC_65" time="1.360" classname="scenarios.LOC.StatusTypePut"/>
  <testcase name="TC_51" time="1.918" classname="scenarios.LOC.StatusTypePut"/>
  <testcase name="TC_02" time="1.520" classname="scenarios.LOC.StatusTypePut"/>
  <testcase name="TC_15" time="0.859" classname="scenarios.LOC.StatusTypePut"/>
  <testcase name="TC_22" time="1.416" classname="scenarios.LOC.StatusTypePut"/>
  <testcase name="TC_76" time="0.661" classname="scenarios.LOC.StatusTypePut"/>
  <testcase name="TC_59" time="0.680" classname="scenarios.LOC.StatusTypePut"/>
  <testcase name="TC_13" time="1.028" classname="scenarios.LOC.StatusTypePut"/>
  <testcase name="TC_39" time="0.847" classname="scenarios.LOC.StatusTypePut"/>
  <testcase name="TC_09" time="0.756" classname="scenarios.LOC.StatusTypePut"/>
  <testcase name="TC_26" time="0.766" classname="scenarios.LOC.StatusTypePut"/>
  <testcase name="TC_28" time="0.986" classname="scenarios.LOC.StatusTypePut"/>
  <testcase name="TC_57" time="0.657" classname="scenarios.LOC.StatusTypePut"/>
  <testcase name="TC_67" time="0.747" classname="scenarios.LOC.StatusTypePut"/>
  <testcase name="TC_46" time="0.733" classname="scenarios.LOC.StatusTypePut"/>
  <testcase name="TC_63" time="1.477" classname="scenarios.LOC.StatusTypePut"/>
  <testcase name="TC_73" time="0.832" classname="scenarios.LOC.StatusTypePut"/>
  <testcase name="TC_06" time="1.462" classname="scenarios.LOC.StatusTypePut"/>
  <testcase name="TC_50" time="1.471" classname="scenarios.LOC.StatusTypePut"/>
  <testcase name="TC_56" time="0.714" classname="scenarios.LOC.StatusTypePut"/>
  <testcase name="TC_30" time="0.857" classname="scenarios.LOC.StatusTypePut"/>
  <testcase name="TC_44" time="0.845" classname="scenarios.LOC.StatusTypePut"/>
  <testcase name="TC_35" time="2.502" classname="scenarios.LOC.StatusTypePut"/>
  <testcase name="TC_04" time="1.510" classname="scenarios.LOC.StatusTypePut"/>
  <testcase name="TC_80" time="2.021" classname="scenarios.LOC.StatusTypePut"/>
  <testcase name="TC_79" time="1.423" classname="scenarios.LOC.StatusTypePut"/>
  <testcase name="TC_34" time="0.914" classname="scenarios.LOC.StatusTypePut"/>
  <testcase name="TC_69" time="0.760" classname="scenarios.LOC.StatusTypePut"/>
  <testcase name="TC_38" time="0.815" classname="scenarios.LOC.StatusTypePut"/>
  <testcase name="TC_66" time="0.625" classname="scenarios.LOC.StatusTypePut"/>
  <testcase name="TC_27" time="0.896" classname="scenarios.LOC.StatusTypePut"/>
  <testcase name="TC_24" time="3.242" classname="scenarios.LOC.StatusTypePut"/>
  <testcase name="TC_23" time="1.557" classname="scenarios.LOC.StatusTypePut"/>
  <testcase name="TC_55" time="0.886" classname="scenarios.LOC.StatusTypePut"/>
  <testcase name="TC_12" time="0.651" classname="scenarios.LOC.StatusTypePut"/>
  <testcase name="TC_36" time="1.501" classname="scenarios.LOC.StatusTypePut"/>
  <testcase name="TC_53" time="0.808" classname="scenarios.LOC.StatusTypePut"/>
  <testcase name="TC_32" time="0.726" classname="scenarios.LOC.StatusTypePut"/>
  <testcase name="TC_18" time="0.795" classname="scenarios.LOC.StatusTypePut"/>
  <testcase name="TC_45" time="0.802" classname="scenarios.LOC.StatusTypePut"/>
  <testcase name="TC_08" time="1.483" classname="scenarios.LOC.StatusTypePut"/>
  <testcase name="TC_14" time="0.859" classname="scenarios.LOC.StatusTypePut"/>
  <testcase name="TC_81" time="1.598" classname="scenarios.LOC.StatusTypePut"/>
  <testcase name="TC_52" time="0.771" classname="scenarios.LOC.StatusTypePut"/>
  <testcase name="TC_47" time="1.017" classname="scenarios.LOC.StatusTypePut"/>
  <testcase name="TC_78" time="1.404" classname="scenarios.LOC.StatusTypePut"/>
  <testcase name="TC_29" time="0.760" classname="scenarios.LOC.StatusTypePut"/>
  <testcase name="TC_72" time="1.544" classname="scenarios.LOC.StatusTypePut"/>
  <testcase name="TC_37" time="1.277" classname="scenarios.LOC.StatusTypePut"/>
  <testcase name="TC_49" time="1.568" classname="scenarios.LOC.StatusTypePut"/>
  <testcase name="TC_62" time="0.880" classname="scenarios.LOC.StatusTypePut"/>
  <testcase name="TC_42" time="0.828" classname="scenarios.LOC.StatusTypePut"/>
  <testcase name="TC_31" time="0.884" classname="scenarios.LOC.StatusTypePut"/>
  <testcase name="TC_84" time="0.721" classname="scenarios.LOC.StatusTypePut"/>
  <testcase name="TC_20" time="1.004" classname="scenarios.LOC.StatusTypePut"/>
  <testcase name="TC_07" time="1.331" classname="scenarios.LOC.StatusTypePut"/>
  <testcase name="TC_01" time="7.043" classname="scenarios.LOC.StatusTypePut"/>
  <testcase name="TC_17" time="0.710" classname="scenarios.LOC.StatusTypePut"/>
  <testcase name="TC_03" time="1.550" classname="scenarios.LOC.StatusTypePut"/>
  <testcase name="TC_40" time="0.867" classname="scenarios.LOC.StatusTypePut"/>
  <testcase name="TC_48" time="0.783" classname="scenarios.LOC.StatusTypePut"/>
  <testcase name="TC_21" time="1.501" classname="scenarios.LOC.StatusTypePut"/>
  <testcase name="TC_54" time="0.733" classname="scenarios.LOC.StatusTypePut"/>
  <testcase name="TC_43" time="0.934" classname="scenarios.LOC.StatusTypePut"/>
  <testcase name="TC_77" time="1.057" classname="scenarios.LOC.StatusTypePut"/>
  <testcase name="TC_05" time="1.418" classname="scenarios.LOC.StatusTypePut"/>
  <testcase name="TC_71" time="0.681" classname="scenarios.LOC.StatusTypePut"/>
</testsuite> <!-- scenarios.LOC.StatusTypePut -->
