<?xml version="1.0" encoding="UTF-8"?>
<!-- Generated by org.testng.reporters.JUnitReportReporter -->
<testsuite hostname="SYN-FLX-001" name="scenarios.LOC.RelationshipTypeGet" tests="1" failures="0" timestamp="29 Jan 2020 21:00:48 GMT" time="23.126" errors="0">
  <testcase name="TC_01" time="23.126" classname="scenarios.LOC.RelationshipTypeGet"/>
</testsuite> <!-- scenarios.LOC.RelationshipTypeGet -->
