<?xml version="1.0" encoding="UTF-8"?>
<!-- Generated by org.testng.reporters.JUnitReportReporter -->
<testsuite hostname="SYN-FLX-001" name="scenarios.LOC.LocationToOperationPost" tests="1" failures="0" timestamp="21 Jan 2020 18:17:03 GMT" time="6.787" errors="0">
  <testcase name="TC_01" time="6.787" classname="scenarios.LOC.LocationToOperationPost"/>
</testsuite> <!-- scenarios.LOC.LocationToOperationPost -->
