<?xml version="1.0" encoding="UTF-8"?>
<!-- Generated by org.testng.reporters.JUnitReportReporter -->
<testsuite hostname="SYN-FLX-001" name="scenarios.LOC.PropertyTypeGet" tests="7" failures="0" timestamp="29 Jan 2020 21:04:35 GMT" time="10.840" errors="0">
  <testcase name="TC_04" time="0.778" classname="scenarios.LOC.PropertyTypeGet"/>
  <testcase name="TC_05" time="0.844" classname="scenarios.LOC.PropertyTypeGet"/>
  <testcase name="TC_03" time="1.353" classname="scenarios.LOC.PropertyTypeGet"/>
  <testcase name="TC_01" time="5.343" classname="scenarios.LOC.PropertyTypeGet"/>
  <testcase name="TC_07" time="0.758" classname="scenarios.LOC.PropertyTypeGet"/>
  <testcase name="TC_02" time="0.786" classname="scenarios.LOC.PropertyTypeGet"/>
  <testcase name="TC_06" time="0.978" classname="scenarios.LOC.PropertyTypeGet"/>
</testsuite> <!-- scenarios.LOC.PropertyTypeGet -->
