<?xml version="1.0" encoding="UTF-8"?>
<!-- Generated by org.testng.reporters.JUnitReportReporter -->
<testsuite hostname="SYN-FLX-001" name="scenarios.LOC.PropertyTypePost" tests="23" failures="0" timestamp="30 Jan 2020 13:29:22 GMT" time="32.357" errors="0">
  <testcase name="TC_18" time="1.046" classname="scenarios.LOC.PropertyTypePost"/>
  <testcase name="TC_10" time="0.680" classname="scenarios.LOC.PropertyTypePost"/>
  <testcase name="TC_04" time="1.163" classname="scenarios.LOC.PropertyTypePost"/>
  <testcase name="TC_02" time="0.693" classname="scenarios.LOC.PropertyTypePost"/>
  <testcase name="TC_11" time="2.647" classname="scenarios.LOC.PropertyTypePost"/>
  <testcase name="TC_05" time="1.094" classname="scenarios.LOC.PropertyTypePost"/>
  <testcase name="TC_20" time="1.141" classname="scenarios.LOC.PropertyTypePost"/>
  <testcase name="TC_13" time="2.644" classname="scenarios.LOC.PropertyTypePost"/>
  <testcase name="TC_17" time="0.661" classname="scenarios.LOC.PropertyTypePost"/>
  <testcase name="TC_07" time="1.663" classname="scenarios.LOC.PropertyTypePost"/>
  <testcase name="TC_09" time="0.657" classname="scenarios.LOC.PropertyTypePost"/>
  <testcase name="TC_08" time="0.622" classname="scenarios.LOC.PropertyTypePost"/>
  <testcase name="TC_22" time="1.172" classname="scenarios.LOC.PropertyTypePost"/>
  <testcase name="TC_21" time="1.004" classname="scenarios.LOC.PropertyTypePost"/>
  <testcase name="TC_14" time="1.083" classname="scenarios.LOC.PropertyTypePost"/>
  <testcase name="TC_19" time="1.076" classname="scenarios.LOC.PropertyTypePost"/>
  <testcase name="TC_16" time="1.212" classname="scenarios.LOC.PropertyTypePost"/>
  <testcase name="TC_23" time="1.029" classname="scenarios.LOC.PropertyTypePost"/>
  <testcase name="TC_03" time="0.572" classname="scenarios.LOC.PropertyTypePost"/>
  <testcase name="TC_12" time="1.055" classname="scenarios.LOC.PropertyTypePost"/>
  <testcase name="TC_15" time="1.065" classname="scenarios.LOC.PropertyTypePost"/>
  <testcase name="TC_06" time="2.411" classname="scenarios.LOC.PropertyTypePost"/>
  <testcase name="TC_01" time="5.967" classname="scenarios.LOC.PropertyTypePost"/>
</testsuite> <!-- scenarios.LOC.PropertyTypePost -->
