<?xml version="1.0" encoding="UTF-8"?>
<!-- Generated by org.testng.reporters.JUnitReportReporter -->
<testsuite skipped="0" hostname="DESKTOP-N6C6OOV" name="Academy.validateNavigationBar" tests="1" failures="0" timestamp="2020-09-17T21:40:50 IST" time="0.172" errors="0">
  <testcase name="validateAppNavBar" time="0.172" classname="Academy.validateNavigationBar"/>
  <system-out/>
</testsuite> <!-- Academy.validateNavigationBar -->
