<?xml version="1.0" encoding="UTF-8"?>
<!-- Generated by org.testng.reporters.JUnitReportReporter -->
<testsuite skipped="0" hostname="DESKTOP-N6C6OOV" name="Academy.HomePage" tests="2" failures="0" timestamp="2020-09-17T21:40:50 IST" time="30.228" errors="0">
  <testcase name="basePageNavigation" time="6.904" classname="Academy.HomePage"/>
  <system-out/>
  <testcase name="basePageNavigation" time="23.324" classname="Academy.HomePage"/>
  <system-out/>
</testsuite> <!-- Academy.HomePage -->
