<?xml version="1.0" encoding="UTF-8"?>
<!-- Generated by org.testng.reporters.JUnitReportReporter -->
<testsuite hostname="SYN-FLX-001" name="scenarios.LOC.LocTypePost" tests="18" failures="0" timestamp="30 Jan 2020 15:30:19 GMT" time="25.146" errors="0">
  <testcase name="TC_04" time="2.256" classname="scenarios.LOC.LocTypePost"/>
  <testcase name="TC_01" time="5.293" classname="scenarios.LOC.LocTypePost"/>
  <testcase name="TC_09" time="0.712" classname="scenarios.LOC.LocTypePost"/>
  <testcase name="TC_11" time="2.138" classname="scenarios.LOC.LocTypePost"/>
  <testcase name="TC_13" time="0.692" classname="scenarios.LOC.LocTypePost"/>
  <testcase name="TC_18" time="0.784" classname="scenarios.LOC.LocTypePost"/>
  <testcase name="TC_10" time="0.589" classname="scenarios.LOC.LocTypePost"/>
  <testcase name="TC_08" time="0.725" classname="scenarios.LOC.LocTypePost"/>
  <testcase name="TC_05" time="0.688" classname="scenarios.LOC.LocTypePost"/>
  <testcase name="TC_16" time="0.722" classname="scenarios.LOC.LocTypePost"/>
  <testcase name="TC_14" time="0.662" classname="scenarios.LOC.LocTypePost"/>
  <testcase name="TC_07" time="2.147" classname="scenarios.LOC.LocTypePost"/>
  <testcase name="TC_02" time="0.765" classname="scenarios.LOC.LocTypePost"/>
  <testcase name="TC_17" time="2.104" classname="scenarios.LOC.LocTypePost"/>
  <testcase name="TC_03" time="2.149" classname="scenarios.LOC.LocTypePost"/>
  <testcase name="TC_15" time="0.725" classname="scenarios.LOC.LocTypePost"/>
  <testcase name="TC_12" time="0.685" classname="scenarios.LOC.LocTypePost"/>
  <testcase name="TC_06" time="1.310" classname="scenarios.LOC.LocTypePost"/>
</testsuite> <!-- scenarios.LOC.LocTypePost -->
