<?xml version="1.0" encoding="UTF-8"?>
<!-- Generated by org.testng.reporters.JUnitReportReporter -->
<testsuite hostname="SYN-FLX-001" name="scenarios.LOC.LocTypePut" tests="18" failures="0" timestamp="30 Jan 2020 15:30:56 GMT" time="23.182" errors="0">
  <testcase name="TC_17" time="2.047" classname="scenarios.LOC.LocTypePut"/>
  <testcase name="TC_18" time="1.501" classname="scenarios.LOC.LocTypePut"/>
  <testcase name="TC_10" time="0.850" classname="scenarios.LOC.LocTypePut"/>
  <testcase name="TC_11" time="0.645" classname="scenarios.LOC.LocTypePut"/>
  <testcase name="TC_05" time="1.726" classname="scenarios.LOC.LocTypePut"/>
  <testcase name="TC_12" time="0.624" classname="scenarios.LOC.LocTypePut"/>
  <testcase name="TC_06" time="0.949" classname="scenarios.LOC.LocTypePut"/>
  <testcase name="TC_14" time="0.863" classname="scenarios.LOC.LocTypePut"/>
  <testcase name="TC_09" time="1.438" classname="scenarios.LOC.LocTypePut"/>
  <testcase name="TC_08" time="0.643" classname="scenarios.LOC.LocTypePut"/>
  <testcase name="TC_03" time="1.684" classname="scenarios.LOC.LocTypePut"/>
  <testcase name="TC_13" time="0.913" classname="scenarios.LOC.LocTypePut"/>
  <testcase name="TC_15" time="1.411" classname="scenarios.LOC.LocTypePut"/>
  <testcase name="TC_02" time="1.030" classname="scenarios.LOC.LocTypePut"/>
  <testcase name="TC_01" time="4.407" classname="scenarios.LOC.LocTypePut"/>
  <testcase name="TC_04" time="0.652" classname="scenarios.LOC.LocTypePut"/>
  <testcase name="TC_07" time="0.862" classname="scenarios.LOC.LocTypePut"/>
  <testcase name="TC_16" time="0.937" classname="scenarios.LOC.LocTypePut"/>
</testsuite> <!-- scenarios.LOC.LocTypePut -->
