<?xml version="1.0" encoding="UTF-8"?>
<!-- Generated by org.testng.reporters.JUnitReportReporter -->
<testsuite hostname="SYN-FLX-001" name="Test_Esc.EscApplication" tests="1" failures="0" timestamp="27 Jan 2020 15:02:56 GMT" time="9.337" errors="0">
  <testcase name="TC_01" time="9.337" classname="Test_Esc.EscApplication"/>
</testsuite> <!-- Test_Esc.EscApplication -->
