<?xml version="1.0" encoding="UTF-8"?>
<!-- Generated by org.testng.reporters.JUnitReportReporter -->
<testsuite hostname="SYN-FLX-001" name="scenarios.LOC.OperationIdentifierPUT" tests="1" failures="0" timestamp="22 Jan 2020 19:58:04 GMT" time="5.165" errors="0">
  <testcase name="TC_01" time="5.165" classname="scenarios.LOC.OperationIdentifierPUT"/>
</testsuite> <!-- scenarios.LOC.OperationIdentifierPUT -->
