<?xml version="1.0" encoding="UTF-8"?>
<!-- Generated by org.testng.reporters.JUnitReportReporter -->
<testsuite skipped="0" hostname="DESKTOP-N6C6OOV" name="scenarios.LOC.StatusTypePost" tests="1" failures="0" timestamp="2020-06-24T03:21:37 IST" time="1.561" errors="0">
  <testcase name="TC_05" time="1.561" classname="scenarios.LOC.StatusTypePost"/>
  <system-out/>
</testsuite> <!-- scenarios.LOC.StatusTypePost -->
