<?xml version="1.0" encoding="UTF-8"?>
<!-- Generated by org.testng.reporters.JUnitReportReporter -->
<testsuite hostname="SYN-FLX-001" name="scenarios.LOC.LocToOpnGetE3" tests="1" failures="0" timestamp="17 Jan 2020 15:53:53 GMT" time="9.445" errors="0">
  <testcase name="TC_02" time="9.445" classname="scenarios.LOC.LocToOpnGetE3"/>
</testsuite> <!-- scenarios.LOC.LocToOpnGetE3 -->
