<?xml version="1.0" encoding="UTF-8"?>
<!-- Generated by org.testng.reporters.JUnitReportReporter -->
<testsuite hostname="SYN-FLX-001" name="scenarios.LOC.AddressTypePost" tests="18" failures="0" timestamp="30 Jan 2020 15:27:56 GMT" time="22.422" errors="0">
  <testcase name="TC_09" time="0.642" classname="scenarios.LOC.AddressTypePost"/>
  <testcase name="TC_01" time="5.441" classname="scenarios.LOC.AddressTypePost"/>
  <testcase name="TC_05" time="0.631" classname="scenarios.LOC.AddressTypePost"/>
  <testcase name="TC_12" time="0.545" classname="scenarios.LOC.AddressTypePost"/>
  <testcase name="TC_15" time="0.664" classname="scenarios.LOC.AddressTypePost"/>
  <testcase name="TC_17" time="1.928" classname="scenarios.LOC.AddressTypePost"/>
  <testcase name="TC_11" time="1.967" classname="scenarios.LOC.AddressTypePost"/>
  <testcase name="TC_07" time="1.992" classname="scenarios.LOC.AddressTypePost"/>
  <testcase name="TC_10" time="0.529" classname="scenarios.LOC.AddressTypePost"/>
  <testcase name="TC_13" time="0.662" classname="scenarios.LOC.AddressTypePost"/>
  <testcase name="TC_04" time="2.163" classname="scenarios.LOC.AddressTypePost"/>
  <testcase name="TC_18" time="1.231" classname="scenarios.LOC.AddressTypePost"/>
  <testcase name="TC_08" time="0.650" classname="scenarios.LOC.AddressTypePost"/>
  <testcase name="TC_06" time="0.592" classname="scenarios.LOC.AddressTypePost"/>
  <testcase name="TC_02" time="0.824" classname="scenarios.LOC.AddressTypePost"/>
  <testcase name="TC_03" time="0.705" classname="scenarios.LOC.AddressTypePost"/>
  <testcase name="TC_14" time="0.667" classname="scenarios.LOC.AddressTypePost"/>
  <testcase name="TC_16" time="0.589" classname="scenarios.LOC.AddressTypePost"/>
</testsuite> <!-- scenarios.LOC.AddressTypePost -->
