<?xml version="1.0" encoding="UTF-8"?>
<!-- Generated by org.testng.reporters.JUnitReportReporter -->
<testsuite hostname="SYN-FLX-001" name="scenarios.LOC.LocationIdentifierPut" tests="1" failures="0" timestamp="22 Jan 2020 19:54:25 GMT" time="66.923" errors="0">
  <testcase name="TC_01" time="66.923" classname="scenarios.LOC.LocationIdentifierPut"/>
</testsuite> <!-- scenarios.LOC.LocationIdentifierPut -->
