<?xml version="1.0" encoding="UTF-8"?>
<!-- Generated by org.testng.reporters.JUnitReportReporter -->
<testsuite hostname="SYN-FLX-001" name="scenarios.LOC.OperationTypePost" tests="18" failures="0" timestamp="30 Jan 2020 15:13:32 GMT" time="21.802" errors="0">
  <testcase name="TC_02" time="0.686" classname="scenarios.LOC.OperationTypePost"/>
  <testcase name="TC_03" time="0.552" classname="scenarios.LOC.OperationTypePost"/>
  <testcase name="TC_17" time="2.038" classname="scenarios.LOC.OperationTypePost"/>
  <testcase name="TC_04" time="2.083" classname="scenarios.LOC.OperationTypePost"/>
  <testcase name="TC_14" time="1.136" classname="scenarios.LOC.OperationTypePost"/>
  <testcase name="TC_18" time="0.790" classname="scenarios.LOC.OperationTypePost"/>
  <testcase name="TC_11" time="2.052" classname="scenarios.LOC.OperationTypePost"/>
  <testcase name="TC_06" time="0.642" classname="scenarios.LOC.OperationTypePost"/>
  <testcase name="TC_16" time="0.688" classname="scenarios.LOC.OperationTypePost"/>
  <testcase name="TC_09" time="0.625" classname="scenarios.LOC.OperationTypePost"/>
  <testcase name="TC_15" time="0.609" classname="scenarios.LOC.OperationTypePost"/>
  <testcase name="TC_07" time="2.000" classname="scenarios.LOC.OperationTypePost"/>
  <testcase name="TC_13" time="0.536" classname="scenarios.LOC.OperationTypePost"/>
  <testcase name="TC_05" time="0.785" classname="scenarios.LOC.OperationTypePost"/>
  <testcase name="TC_08" time="0.755" classname="scenarios.LOC.OperationTypePost"/>
  <testcase name="TC_10" time="0.662" classname="scenarios.LOC.OperationTypePost"/>
  <testcase name="TC_01" time="4.509" classname="scenarios.LOC.OperationTypePost"/>
  <testcase name="TC_12" time="0.654" classname="scenarios.LOC.OperationTypePost"/>
</testsuite> <!-- scenarios.LOC.OperationTypePost -->
