<?xml version="1.0" encoding="UTF-8"?>
<!-- Generated by org.testng.reporters.JUnitReportReporter -->
<testsuite hostname="SYN-FLX-001" name="scenarios.LOC.StatusTypeGet" tests="9" failures="0" timestamp="29 Jan 2020 21:38:05 GMT" time="8.774" errors="0">
  <testcase name="TC_09" time="0.473" classname="scenarios.LOC.StatusTypeGet"/>
  <testcase name="TC_03" time="1.253" classname="scenarios.LOC.StatusTypeGet"/>
  <testcase name="TC_06" time="0.657" classname="scenarios.LOC.StatusTypeGet"/>
  <testcase name="TC_07" time="0.461" classname="scenarios.LOC.StatusTypeGet"/>
  <testcase name="TC_02" time="1.195" classname="scenarios.LOC.StatusTypeGet"/>
  <testcase name="TC_05" time="1.252" classname="scenarios.LOC.StatusTypeGet"/>
  <testcase name="TC_04" time="1.168" classname="scenarios.LOC.StatusTypeGet"/>
  <testcase name="TC_01" time="1.895" classname="scenarios.LOC.StatusTypeGet"/>
  <testcase name="TC_08" time="0.420" classname="scenarios.LOC.StatusTypeGet"/>
</testsuite> <!-- scenarios.LOC.StatusTypeGet -->
