<?xml version="1.0" encoding="UTF-8"?>
<!-- Generated by org.testng.reporters.JUnitReportReporter -->
<testsuite hostname="SYN-FLX-001" name="scenarios.LOC.RelationshipTypePut" tests="18" failures="0" timestamp="30 Jan 2020 13:28:34 GMT" time="18.633" errors="0">
  <testcase name="TC_07" time="1.316" classname="scenarios.LOC.RelationshipTypePut"/>
  <testcase name="TC_04" time="0.818" classname="scenarios.LOC.RelationshipTypePut"/>
  <testcase name="TC_11" time="0.684" classname="scenarios.LOC.RelationshipTypePut"/>
  <testcase name="TC_15" time="0.706" classname="scenarios.LOC.RelationshipTypePut"/>
  <testcase name="TC_05" time="1.325" classname="scenarios.LOC.RelationshipTypePut"/>
  <testcase name="TC_08" time="0.699" classname="scenarios.LOC.RelationshipTypePut"/>
  <testcase name="TC_13" time="0.579" classname="scenarios.LOC.RelationshipTypePut"/>
  <testcase name="TC_16" time="0.785" classname="scenarios.LOC.RelationshipTypePut"/>
  <testcase name="TC_12" time="1.797" classname="scenarios.LOC.RelationshipTypePut"/>
  <testcase name="TC_06" time="0.729" classname="scenarios.LOC.RelationshipTypePut"/>
  <testcase name="TC_14" time="0.716" classname="scenarios.LOC.RelationshipTypePut"/>
  <testcase name="TC_17" time="1.259" classname="scenarios.LOC.RelationshipTypePut"/>
  <testcase name="TC_10" time="0.592" classname="scenarios.LOC.RelationshipTypePut"/>
  <testcase name="TC_01" time="3.882" classname="scenarios.LOC.RelationshipTypePut"/>
  <testcase name="TC_09" time="0.656" classname="scenarios.LOC.RelationshipTypePut"/>
  <testcase name="TC_02" time="0.694" classname="scenarios.LOC.RelationshipTypePut"/>
  <testcase name="TC_18" time="0.725" classname="scenarios.LOC.RelationshipTypePut"/>
  <testcase name="TC_03" time="0.671" classname="scenarios.LOC.RelationshipTypePut"/>
</testsuite> <!-- scenarios.LOC.RelationshipTypePut -->
