<?xml version="1.0" encoding="UTF-8"?>
<!-- Generated by org.testng.reporters.JUnitReportReporter -->
<testsuite hostname="SYN-FLX-001" name="scenarios.LOC.RelationshipTypePost" tests="20" failures="0" timestamp="30 Jan 2020 13:24:45 GMT" time="24.229" errors="0">
  <testcase name="TC_10" time="0.618" classname="scenarios.LOC.RelationshipTypePost"/>
  <testcase name="TC_05" time="1.895" classname="scenarios.LOC.RelationshipTypePost"/>
  <testcase name="TC_13" time="0.665" classname="scenarios.LOC.RelationshipTypePost"/>
  <testcase name="TC_01" time="4.698" classname="scenarios.LOC.RelationshipTypePost"/>
  <testcase name="TC_18" time="0.785" classname="scenarios.LOC.RelationshipTypePost"/>
  <testcase name="TC_04" time="2.743" classname="scenarios.LOC.RelationshipTypePost"/>
  <testcase name="TC_15" time="0.691" classname="scenarios.LOC.RelationshipTypePost"/>
  <testcase name="TC_19" time="0.673" classname="scenarios.LOC.RelationshipTypePost"/>
  <testcase name="TC_11" time="0.643" classname="scenarios.LOC.RelationshipTypePost"/>
  <testcase name="TC_07" time="0.871" classname="scenarios.LOC.RelationshipTypePost"/>
  <testcase name="TC_09" time="0.565" classname="scenarios.LOC.RelationshipTypePost"/>
  <testcase name="TC_08" time="0.539" classname="scenarios.LOC.RelationshipTypePost"/>
  <testcase name="TC_03" time="2.019" classname="scenarios.LOC.RelationshipTypePost"/>
  <testcase name="TC_12" time="0.834" classname="scenarios.LOC.RelationshipTypePost"/>
  <testcase name="TC_17" time="0.724" classname="scenarios.LOC.RelationshipTypePost"/>
  <testcase name="TC_20" time="0.669" classname="scenarios.LOC.RelationshipTypePost"/>
  <testcase name="TC_14" time="0.753" classname="scenarios.LOC.RelationshipTypePost"/>
  <testcase name="TC_16" time="0.788" classname="scenarios.LOC.RelationshipTypePost"/>
  <testcase name="TC_02" time="2.258" classname="scenarios.LOC.RelationshipTypePost"/>
  <testcase name="TC_06" time="0.798" classname="scenarios.LOC.RelationshipTypePost"/>
</testsuite> <!-- scenarios.LOC.RelationshipTypePost -->
