<?xml version="1.0" encoding="UTF-8"?>
<!-- Generated by org.testng.reporters.JUnitReportReporter -->
<testsuite hostname="SYN-FLX-001" name="scenarios.LOC.LocToOpnGetE4" tests="1" failures="0" timestamp="20 Jan 2020 17:32:07 GMT" time="9.376" errors="0">
  <testcase name="TC_01" time="9.376" classname="scenarios.LOC.LocToOpnGetE4"/>
</testsuite> <!-- scenarios.LOC.LocToOpnGetE4 -->
