<?xml version="1.0" encoding="UTF-8"?>
<!-- Generated by org.testng.reporters.JUnitReportReporter -->
<testsuite hostname="SYN-FLX-001" name="scenarios.LOC.OperToOperGet" tests="5" failures="0" timestamp="29 Jan 2020 21:28:02 GMT" time="1395.337" errors="0">
  <testcase name="TC_02" time="3.626" classname="scenarios.LOC.OperToOperGet"/>
  <testcase name="TC_01" time="1385.069" classname="scenarios.LOC.OperToOperGet"/>
  <testcase name="TC_05" time="1.979" classname="scenarios.LOC.OperToOperGet"/>
  <testcase name="TC_04" time="2.141" classname="scenarios.LOC.OperToOperGet"/>
  <testcase name="TC_03" time="2.522" classname="scenarios.LOC.OperToOperGet"/>
</testsuite> <!-- scenarios.LOC.OperToOperGet -->
