<?xml version="1.0" encoding="UTF-8"?>
<!-- Generated by org.testng.reporters.JUnitReportReporter -->
<testsuite skipped="0" hostname="COS-3572253-L1" name="scenarios.GEO.GeoPost" tests="2" failures="0" timestamp="22 May 2019 21:33:21 GMT" time="2.785" errors="0">
  <testcase name="TC_01" time="2.770" classname="scenarios.GEO.GeoPost"/>
  <testcase name="TC_02" time="0.015" classname="scenarios.GEO.GeoPost"/>
</testsuite> <!-- scenarios.GEO.GeoPost -->
