<?xml version="1.0" encoding="UTF-8"?>
<!-- Generated by org.testng.reporters.JUnitReportReporter -->
<testsuite hostname="SYN-FLX-001" name="scenarios.LOC.LocToLocGetE1" tests="1" failures="0" timestamp="17 Jan 2020 18:36:32 GMT" time="6.690" errors="0">
  <testcase name="TC_01" time="6.690" classname="scenarios.LOC.LocToLocGetE1"/>
</testsuite> <!-- scenarios.LOC.LocToLocGetE1 -->
