<?xml version="1.0" encoding="UTF-8"?>
<!-- Generated by org.testng.reporters.JUnitReportReporter -->
<testsuite hostname="SYN-FLX-001" name="scenarios.LOC.OperationIdentifierPost" tests="1" failures="0" timestamp="20 Jan 2020 17:25:20 GMT" time="6.163" errors="0">
  <testcase name="TC_01" time="6.163" classname="scenarios.LOC.OperationIdentifierPost"/>
</testsuite> <!-- scenarios.LOC.OperationIdentifierPost -->
