<?xml version="1.0" encoding="UTF-8"?>
<!-- Generated by org.testng.reporters.JUnitReportReporter -->
<testsuite hostname="SYN-FLX-001" name="scenarios.LOC.LocationPut" tests="1" failures="0" timestamp="22 Jan 2020 14:07:32 GMT" time="44.777" errors="0">
  <testcase name="TC_01" time="44.777" classname="scenarios.LOC.LocationPut"/>
</testsuite> <!-- scenarios.LOC.LocationPut -->
