<?xml version="1.0" encoding="UTF-8"?>
<!-- Generated by org.testng.reporters.JUnitReportReporter -->
<testsuite skipped="0" hostname="DESKTOP-N6C6OOV" name="com.apache.test.DataDrvienUsingTestNG" tests="1" failures="0" timestamp="2020-06-24T02:29:53 IST" time="1.169" errors="0">
  <testcase name="ReadData" time="1.169" classname="com.apache.test.DataDrvienUsingTestNG"/>
  <system-out/>
</testsuite> <!-- com.apache.test.DataDrvienUsingTestNG -->
