<?xml version="1.0" encoding="UTF-8"?>
<!-- Generated by org.testng.reporters.JUnitReportReporter -->
<testsuite skipped="0" hostname="DESKTOP-N6C6OOV" name="com.testng.Testing2" tests="2" failures="0" timestamp="2020-09-13T13:44:58 IST" time="0.018" errors="0">
  <testcase name="TC_01" time="0.009" classname="com.testng.Testing2"/>
  <system-out/>
  <testcase name="TC_02" time="0.009" classname="com.testng.Testing2"/>
  <system-out/>
</testsuite> <!-- com.testng.Testing2 -->
