<?xml version="1.0" encoding="UTF-8"?>
<!-- Generated by org.testng.reporters.JUnitReportReporter -->
<testsuite skipped="0" hostname="DESKTOP-N6C6OOV" name="com.testng.Testing3" tests="1" failures="0" timestamp="2020-09-13T15:09:30 IST" time="0.022" errors="0">
  <testcase name="TC_11" time="0.022" classname="com.testng.Testing3"/>
  <system-out/>
</testsuite> <!-- com.testng.Testing3 -->
