<?xml version="1.0" encoding="UTF-8"?>
<!-- Generated by org.testng.reporters.JUnitReportReporter -->
<testsuite skipped="0" hostname="DESKTOP-N6C6OOV" name="com.testng.Testing" tests="2" failures="0" timestamp="2020-09-13T15:09:30 IST" time="0.018" errors="0">
  <testcase name="Demo" time="0.013" classname="com.testng.Testing"/>
  <system-out/>
  <testcase name="TC_01" time="0.005" classname="com.testng.Testing"/>
  <system-out/>
</testsuite> <!-- com.testng.Testing -->
