<?xml version="1.0" encoding="UTF-8"?>
<!-- Generated by org.testng.reporters.JUnitReportReporter -->
<testsuite skipped="0" hostname="DESKTOP-N6C6OOV" name="com.testng.Testing2" tests="6" failures="0" timestamp="2020-09-13T15:09:30 IST" time="0.117" errors="0">
  <testcase name="TC_01" time="0.016" classname="com.testng.Testing2"/>
  <system-out/>
  <testcase name="TC_04" time="0.044" classname="com.testng.Testing2"/>
  <system-out/>
  <testcase name="TC_04" time="0.014" classname="com.testng.Testing2"/>
  <system-out/>
  <testcase name="TC_04" time="0.017" classname="com.testng.Testing2"/>
  <system-out/>
  <testcase name="TC_02" time="0.013" classname="com.testng.Testing2"/>
  <system-out/>
  <testcase name="TC_03" time="0.013" classname="com.testng.Testing2"/>
  <system-out/>
</testsuite> <!-- com.testng.Testing2 -->
