<?xml version="1.0" encoding="UTF-8"?>
<!-- Generated by org.testng.reporters.JUnitReportReporter -->
<testsuite skipped="0" hostname="DESKTOP-N6C6OOV" name="PageObject.PageObject.LoginApplication" tests="1" failures="0" timestamp="2020-09-14T15:54:48 IST" time="14.477" errors="0">
  <testcase name="Login" time="14.477" classname="PageObject.PageObject.LoginApplication"/>
  <system-out/>
</testsuite> <!-- PageObject.PageObject.LoginApplication -->
