<?xml version="1.0" encoding="UTF-8"?>
<!-- Generated by org.testng.reporters.JUnitReportReporter -->
<testsuite skipped="0" hostname="DESKTOP-N6C6OOV" name="com.src.excels.Methods" tests="1" failures="0" timestamp="2020-04-27T23:48:41 IST" time="4.925" errors="0">
  <testcase name="TC_get" time="4.925" classname="com.src.excels.Methods"/>
  <system-out/>
</testsuite> <!-- com.src.excels.Methods -->
