<?xml version="1.0" encoding="UTF-8"?>
<!-- Generated by org.testng.reporters.JUnitReportReporter -->
<testsuite skipped="0" hostname="DESKTOP-N6C6OOV" name="com.src.excels.Read_Excel" tests="2" failures="0" timestamp="2020-04-26T23:53:52 IST" time="1.129" errors="0">
  <testcase name="TC_Read" time="0.098" classname="com.src.excels.Read_Excel"/>
  <system-out/>
  <testcase name="TC_Write" time="1.031" classname="com.src.excels.Read_Excel"/>
  <system-out/>
</testsuite> <!-- com.src.excels.Read_Excel -->
