<?xml version="1.0" encoding="UTF-8"?>
<!-- Generated by org.testng.reporters.JUnitReportReporter -->
<testsuite skipped="0" hostname="DESKTOP-N6C6OOV" name="com.src.excels.Testing_Class" tests="1" failures="0" timestamp="2020-06-25T00:03:25 IST" time="0.604" errors="0">
  <testcase name="TC_01" time="0.604" classname="com.src.excels.Testing_Class"/>
  <system-out/>
</testsuite> <!-- com.src.excels.Testing_Class -->
