<?xml version="1.0" encoding="UTF-8"?>
<!-- Generated by org.testng.reporters.JUnitReportReporter -->
<testsuite skipped="0" hostname="DESKTOP-N6C6OOV" name="com.create.account.ReadGoogleMessages" tests="1" failures="0" timestamp="14 Jun 2020 04:45:30 GMT" time="11.970" errors="0">
  <testcase name="Test" time="11.970" classname="com.create.account.ReadGoogleMessages"/>
</testsuite> <!-- com.create.account.ReadGoogleMessages -->
