<?xml version="1.0" encoding="UTF-8"?>
<!-- Generated by org.testng.reporters.JUnitReportReporter -->
<testsuite skipped="0" hostname="DESKTOP-N6C6OOV" name="com.create.account.GoogleSearchSteps" tests="1" failures="0" timestamp="14 Jun 2020 04:54:10 GMT" time="18.143" errors="0">
  <testcase name="Test" time="18.143" classname="com.create.account.GoogleSearchSteps"/>
</testsuite> <!-- com.create.account.GoogleSearchSteps -->
